sample.interval=20000
"ls" "FUN" "lapply" ".rs.objectsOnSearchPath" ".rs.getCompletionsSearchPath" "Reduce" "<Anonymous>" 
"ls" "FUN" "lapply" ".rs.objectsOnSearchPath" ".rs.getCompletionsSearchPath" "Reduce" "<Anonymous>" 
"tolower" "nchar" ".rs.startsWith" ".rs.fuzzyMatches" ".rs.getCompletionsSearchPath" "Reduce" "<Anonymous>" 
"cmp" "h" "tryInline" "cmpCall" "cmp" "h" "tryInline" "cmpCall" "cmp" "genCode" "cmpfun" "doTryCatch" "tryCatchOne" "tryCatchList" "tryCatch" "compiler:::tryCmpfun" "<Anonymous>" 
"%in%" "getInlineInfo" "tryInline" "cmpCall" "cmp" "h" "tryInline" "cmpCall" "cmp" "genCode" "cmpfun" "doTryCatch" "tryCatchOne" "tryCatchList" "tryCatch" "compiler:::tryCmpfun" "<Anonymous>" 
"cmp" "h" "tryInline" "cmpCall" "cmp" "h" "tryInline" "cmpCall" "cmp" "h" "tryInline" "cmpCall" "cmp" "genCode" "cmpfun" "doTryCatch" "tryCatchOne" "tryCatchList" "tryCatch" "compiler:::tryCmpfun" "<Anonymous>" 
"delayedAssign" "findCenvVar" "getInlineInfo" "tryInline" "cmpCall" "cmp" "h" "tryInline" "cmpCall" "cmp" "h" "tryInline" "cmpCall" "cmp" "genCode" "cmpfun" "doTryCatch" "tryCatchOne" "tryCatchList" "tryCatch" "compiler:::tryCmpfun" "<Anonymous>" 
"new.env" "findCenvVar" "findVar" "cmpSym" "cmp" "h" "tryInline" "cmpCall" "cmp" "cmpBuiltinArgs" "h" "tryInline" "cmpCall" "cmp" "genCode" "cb$putconst" "cmpCallArgs" "cmpCallSymFun" "cmpCall" "cmp" "h" "tryInline" "cmpCall" "cmp" "h" "tryInline" "cmpCall" "cmp" "genCode" "cmpfun" "doTryCatch" "tryCatchOne" "tryCatchList" "tryCatch" "compiler:::tryCmpfun" "<Anonymous>" 
"cb$putcode" "h" "tryInline" "cmpCall" "cmp" "h" "tryInline" "cmpCall" "cmp" "h" "tryInline" "cmpCall" "cmp" "h" "tryInline" "cmpCall" "cmp" "h" "tryInline" "cmpCall" "cmp" "h" "tryInline" "cmpCall" "cmp" "h" "tryInline" "cmpCall" "cmp" "genCode" "cmpfun" "doTryCatch" "tryCatchOne" "tryCatchList" "tryCatch" "compiler:::tryCmpfun" "<Anonymous>" 
"exists" "findCenvVar" "findLocVar" "cmpCall" "cmp" "cmpBuiltinArgs" "cmpBuiltin" "cmpDotInternalCall" "h" "tryInline" "cmpCall" "cmp" "cmpSymbolAssign" "h" "tryInline" "cmpCall" "cmp" "h" "tryInline" "cmpCall" "cmp" "genCode" "cmpfun" "doTryCatch" "tryCatchOne" "tryCatchList" "tryCatch" "compiler:::tryCmpfun" ".rs.getHelpFunction" "<Anonymous>" 
"cmpCallSymFun" "cmpCall" "cmp" "genCode" "cb$putconst" "cmpCallArgs" "cmpCallSymFun" "cmpCall" "cmp" "genCode" "cb$putconst" "cmpCallArgs" "cmpCallSymFun" "cmpCall" "cmp" "cmpSymbolAssign" "h" "tryInline" "cmpCall" "cmp" "h" "tryInline" "cmpCall" "cmp" "genCode" "cmpfun" "doTryCatch" "tryCatchOne" "tryCatchList" "tryCatch" "compiler:::tryCmpfun" ".rs.getHelpFunction" "<Anonymous>" 
"lapply" "FUN" "lapply" "findLocalsList1" "findLocalsList" "funEnv" "make.functionContext" "cmpfun" "doTryCatch" "tryCatchOne" "tryCatchList" "tryCatch" "compiler:::tryCmpfun" ".rs.getHelpFromObject" ".rs.getHelpFunction" "<Anonymous>" 
"cb$putcode" "cmpSym" "cmp" "genCode" "cb$putconst" "cmpCallArgs" "cmpCallSymFun" "cmpCall" "cmp" "cmpPrim1" "h" "tryInline" "cmpCall" "cmp" "h" "tryInline" "cmpCall" "cmp" "h" "tryInline" "cmpCall" "cmp" "h" "tryInline" "cmpCall" "cmp" "h" "tryInline" "cmpCall" "cmp" "h" "tryInline" "cmpCall" "cmp" "genCode" "cmpfun" "doTryCatch" "tryCatchOne" "tryCatchList" "tryCatch" "compiler:::tryCmpfun" ".rs.getHelpFromObject" ".rs.getHelpFunction" "<Anonymous>" 
"findCenvVar" "findVar" "cmpSym" "cmp" "genCode" "cb$putconst" "cmpCallArgs" "cmpCallSymFun" "cmpCall" "cmp" "cmpSymbolAssign" "h" "tryInline" "cmpCall" "cmp" "h" "tryInline" "cmpCall" "cmp" "genCode" "cmpfun" "doTryCatch" "tryCatchOne" "tryCatchList" "tryCatch" "compiler:::tryCmpfun" ".rs.getHelpFromObject" ".rs.getHelpFunction" "<Anonymous>" 
"cb$putconst" "cmpConst" "cmp" "cmpIndices" "cmpSubassignDispatch" "h" "trySetterInline" "cmpSetterCall" "cmpComplexAssign" "h" "tryInline" "cmpCall" "cmp" "h" "tryInline" "cmpCall" "cmp" "h" "tryInline" "cmpCall" "cmp" "cmpForBody" "h" "tryInline" "cmpCall" "cmp" "h" "tryInline" "cmpCall" "cmp" "genCode" "cmpfun" "doTryCatch" "tryCatchOne" "tryCatchList" "tryCatch" "compiler:::tryCmpfun" ".rs.getHelpFromObject" ".rs.getHelpFunction" "<Anonymous>" 
"make.nonTailCallContext" "cmpPrim2" "h" "tryInline" "cmpCall" "cmp" "genCode" "cb$putconst" "cmpCallArgs" "cmpCallSymFun" "cmpCall" "cmp" "cmpSymbolAssign" "h" "tryInline" "cmpCall" "cmp" "h" "tryInline" "cmpCall" "cmp" "cmpForBody" "h" "tryInline" "cmpCall" "cmp" "h" "tryInline" "cmpCall" "cmp" "h" "tryInline" "cmpCall" "cmp" "h" "tryInline" "cmpCall" "cmp" "genCode" "cmpfun" "doTryCatch" "tryCatchOne" "tryCatchList" "tryCatch" "compiler:::tryCmpfun" ".rs.getHelpFromObject" ".rs.getHelpFunction" "<Anonymous>" 
"c" "append" "FUN" "lapply" "FUN" "lapply" "findLocalsList1" "findLocalsList" "funEnv" "make.functionContext" "cmpfun" "doTryCatch" "tryCatchOne" "tryCatchList" "tryCatch" "compiler:::tryCmpfun" ".rs.findCustomHelpContext" "<Anonymous>" 
"is.expression" "mode" "%in%" "checkConst" "constantFold" "cmp" "cmpIndices" "cmpSubsetDispatch" "h" "tryInline" "cmpCall" "cmp" "cmpSymbolAssign" "h" "tryInline" "cmpCall" "cmp" "h" "tryInline" "cmpCall" "cmp" "h" "tryInline" "cmpCall" "cmp" "h" "tryInline" "cmpCall" "cmp" "genCode" "cmpfun" "doTryCatch" "tryCatchOne" "tryCatchList" "tryCatch" "compiler:::tryCmpfun" ".rs.findCustomHelpContext" "<Anonymous>" 
"findCenvVar" "getInlineInfo" "tryInline" "cmpCall" "cmp" "genCode" "cb$putconst" "cmpCallArgs" "cmpCallSymFun" "cmpCall" "cmp" "genCode" "cb$putconst" "cmpCallArgs" "cmpCallSymFun" "cmpCall" "cmp" "cmpSymbolAssign" "h" "tryInline" "cmpCall" "cmp" "h" "tryInline" "cmpCall" "cmp" "h" "tryInline" "cmpCall" "cmp" "h" "tryInline" "cmpCall" "cmp" "genCode" "cmpfun" "doTryCatch" "tryCatchOne" "tryCatchList" "tryCatch" "compiler:::tryCmpfun" ".rs.findCustomHelpContext" "<Anonymous>" 
"exists" "findCenvVar" "getInlineInfo" "tryInline" "cmpCall" "cmp" "genCode" "cb$putconst" "cmpCallArgs" "cmpCallExprFun" "cmpCall" "cmp" "cmpSymbolAssign" "h" "tryInline" "cmpCall" "cmp" "h" "tryInline" "cmpCall" "cmp" "cmpForBody" "h" "tryInline" "cmpCall" "cmp" "h" "tryInline" "cmpCall" "cmp" "h" "tryInline" "cmpCall" "cmp" "h" "tryInline" "cmpCall" "cmp" "h" "tryInline" "cmpCall" "cmp" "h" "tryInline" "cmpCall" "cmp" "genCode" "cmpfun" "doTryCatch" "tryCatchOne" "tryCatchList" "tryCatch" "compiler:::tryCmpfun" ".rs.findCustomHelpContext" "<Anonymous>" 
".rs.findCustomHelpContext" "<Anonymous>" 
"findLocals1" "lapply" "FUN" "lapply" "findLocalsList1" "findLocalsList" "funEnv" "make.functionContext" "cmpfun" "doTryCatch" "tryCatchOne" "tryCatchList" "tryCatch" "compiler:::tryCmpfun" ".rs.getCompletionsFunction" ".rs.appendCompletions" ".rs.getRCompletions" ".rs.appendCompletions" "<Anonymous>" 
"cmpSymbolAssign" "h" "tryInline" "cmpCall" "cmp" "h" "tryInline" "cmpCall" "cmp" "genCode" "cmpfun" "doTryCatch" "tryCatchOne" "tryCatchList" "tryCatch" "compiler:::tryCmpfun" ".rs.getCompletionsFunction" ".rs.appendCompletions" ".rs.getRCompletions" ".rs.appendCompletions" "<Anonymous>" 
"%in%" "findCenvVar" "getInlineInfo" "isBaseVar" "FUN" "lapply" "unlist" "Filter" "findLocalsList" "funEnv" "make.functionContext" "h" "tryInline" "cmpCall" "cmp" "cmpSymbolAssign" "h" "tryInline" "cmpCall" "cmp" "h" "tryInline" "cmpCall" "cmp" "h" "tryInline" "cmpCall" "cmp" "h" "tryInline" "cmpCall" "cmp" "h" "tryInline" "cmpCall" "cmp" "h" "tryInline" "cmpCall" "cmp" "genCode" "cmpfun" "doTryCatch" "tryCatchOne" "tryCatchList" "tryCatch" "compiler:::tryCmpfun" ".rs.getCompletionsFunction" ".rs.appendCompletions" ".rs.getRCompletions" ".rs.appendCompletions" "<Anonymous>" 
"list" "cb$savecurloc" "cmpCall" "cmp" "h" "tryInline" "cmpCall" "cmp" "cmpForBody" "h" "tryInline" "cmpCall" "cmp" "h" "tryInline" "cmpCall" "cmp" "h" "tryInline" "cmpCall" "cmp" "h" "tryInline" "cmpCall" "cmp" "h" "tryInline" "cmpCall" "cmp" "h" "tryInline" "cmpCall" "cmp" "genCode" "cmpfun" "doTryCatch" "tryCatchOne" "tryCatchList" "tryCatch" "compiler:::tryCmpfun" ".rs.getCompletionsFunction" ".rs.appendCompletions" ".rs.getRCompletions" ".rs.appendCompletions" "<Anonymous>" 
"%in%" "constantFoldSym" "constantFold" "cmp" "genCode" "cb$putconst" "cmpCallArgs" "cmpCallSymFun" "cmpCall" "cmp" "cmpSymbolAssign" "h" "tryInline" "cmpCall" "cmp" "h" "tryInline" "cmpCall" "cmp" "h" "tryInline" "cmpCall" "cmp" "h" "tryInline" "cmpCall" "cmp" "h" "tryInline" "cmpCall" "cmp" "h" "tryInline" "cmpCall" "cmp" "genCode" "cmpfun" "doTryCatch" "tryCatchOne" "tryCatchList" "tryCatch" "compiler:::tryCmpfun" ".rs.getCompletionsFunction" ".rs.appendCompletions" ".rs.getRCompletions" ".rs.appendCompletions" "<Anonymous>" 
"as.list" "constantFoldCall" "constantFold" "cmp" "h" "tryInline" "cmpCall" "cmp" "h" "tryInline" "cmpCall" "cmp" "h" "tryInline" "cmpCall" "cmp" "h" "tryInline" "cmpCall" "cmp" "h" "tryInline" "cmpCall" "cmp" "h" "tryInline" "cmpCall" "cmp" "h" "tryInline" "cmpCall" "cmp" "genCode" "cmpfun" "doTryCatch" "tryCatchOne" "tryCatchList" "tryCatch" "compiler:::tryCmpfun" ".rs.getCompletionsFunction" ".rs.appendCompletions" ".rs.getRCompletions" ".rs.appendCompletions" "<Anonymous>" 
"findCenvVar" "findVar" "cmpSym" "cmp" "genCode" "cb$putconst" "cmpCallArgs" "cmpCallSymFun" "cmpCall" "cmp" "cmpSymbolAssign" "h" "tryInline" "cmpCall" "cmp" "h" "tryInline" "cmpCall" "cmp" "h" "tryInline" "cmpCall" "cmp" "h" "tryInline" "cmpCall" "cmp" "genCode" "cmpfun" "doTryCatch" "tryCatchOne" "tryCatchList" "tryCatch" "compiler:::tryCmpfun" ".rs.getCompletionsFunction" ".rs.appendCompletions" ".rs.getRCompletions" ".rs.appendCompletions" "<Anonymous>" 
"checkAssign" "h" "tryInline" "cmpCall" "cmp" "h" "tryInline" "cmpCall" "cmp" "h" "tryInline" "cmpCall" "cmp" "h" "tryInline" "cmpCall" "cmp" "genCode" "cmpfun" "doTryCatch" "tryCatchOne" "tryCatchList" "tryCatch" "compiler:::tryCmpfun" ".rs.getCompletionsFunction" ".rs.appendCompletions" ".rs.getRCompletions" ".rs.appendCompletions" "<Anonymous>" 
"$" "getInlineInfo" "tryInline" "cmpCall" "cmp" "genCode" "cb$putconst" "cmpCallArgs" "cmpCallSymFun" "cmpCall" "cmp" "cmpComplexAssign" "h" "tryInline" "cmpCall" "cmp" "h" "tryInline" "cmpCall" "cmp" "h" "tryInline" "cmpCall" "cmp" "h" "tryInline" "cmpCall" "cmp" "genCode" "cmpfun" "doTryCatch" "tryCatchOne" "tryCatchList" "tryCatch" "compiler:::tryCmpfun" ".rs.getCompletionsFunction" ".rs.appendCompletions" ".rs.getRCompletions" ".rs.appendCompletions" "<Anonymous>" 
".rs.getCompletionsFunction" ".rs.appendCompletions" ".rs.getRCompletions" ".rs.appendCompletions" "<Anonymous>" 
"exists" "findCenvVar" "findFunDef" "cmpCall" "cmp" "h" "tryInline" "cmpCall" "cmp" "genCode" "cmpfun" "doTryCatch" "tryCatchOne" "tryCatchList" "tryCatch" "compiler:::tryCmpfun" ".rs.resolveFormals" ".rs.getCompletionsFunction" ".rs.appendCompletions" ".rs.getRCompletions" ".rs.appendCompletions" "<Anonymous>" 
"cmpSymbolAssign" "h" "tryInline" "cmpCall" "cmp" "h" "tryInline" "cmpCall" "cmp" "cmpForBody" "h" "tryInline" "cmpCall" "cmp" "h" "tryInline" "cmpCall" "cmp" "h" "tryInline" "cmpCall" "cmp" "h" "tryInline" "cmpCall" "cmp" "genCode" "cb$putconst" "cmpCallArgs" "cmpCallSymFun" "cmpCall" "cmp" "h" "tryInline" "cmpCall" "cmp" "genCode" "cmpfun" "doTryCatch" "tryCatchOne" "tryCatchList" "tryCatch" "compiler:::tryCmpfun" ".rs.resolveFormals" ".rs.getCompletionsFunction" ".rs.appendCompletions" ".rs.getRCompletions" ".rs.appendCompletions" "<Anonymous>" 
"cmpCall" "cmp" "h" "tryInline" "cmpCall" "cmp" "h" "tryInline" "cmpCall" "cmp" "genCode" "cb$putconst" "cmpCallArgs" "cmpCallSymFun" "cmpCall" "cmp" "h" "tryInline" "cmpCall" "cmp" "genCode" "cmpfun" "doTryCatch" "tryCatchOne" "tryCatchList" "tryCatch" "compiler:::tryCmpfun" ".rs.resolveFormals" ".rs.getCompletionsFunction" ".rs.appendCompletions" ".rs.getRCompletions" ".rs.appendCompletions" "<Anonymous>" 
"mayCallBrowser" "mayCallBrowserList" "mayCallBrowser" "mayCallBrowserList" "mayCallBrowser" "mayCallBrowserList" "mayCallBrowser" "mayCallBrowserList" "mayCallBrowser" "mayCallBrowserList" "mayCallBrowser" "mayCallBrowserList" "mayCallBrowser" "cmpfun" "doTryCatch" "tryCatchOne" "tryCatchList" "tryCatch" "compiler:::tryCmpfun" ".rs.getCompletionsArgument" ".rs.getCompletionsFunction" ".rs.appendCompletions" ".rs.getRCompletions" ".rs.appendCompletions" "<Anonymous>" 
"exists" "findCenvVar" "findFunDef" "cmpCall" "cmp" "h" "tryInline" "cmpCall" "cmp" "genCode" "cb$putconst" "cmpCallArgs" "cmpCallSymFun" "cmpCall" "cmp" "genCode" "h" "tryInline" "cmpCall" "cmp" "cmpSymbolAssign" "h" "tryInline" "cmpCall" "cmp" "h" "tryInline" "cmpCall" "cmp" "h" "tryInline" "cmpCall" "cmp" "h" "tryInline" "cmpCall" "cmp" "genCode" "cmpfun" "doTryCatch" "tryCatchOne" "tryCatchList" "tryCatch" "compiler:::tryCmpfun" ".rs.getCompletionsArgument" ".rs.getCompletionsFunction" ".rs.appendCompletions" ".rs.getRCompletions" ".rs.appendCompletions" "<Anonymous>" 
"findCenvVar" "getInlineInfo" "tryInline" "cmpCall" "cmp" "h" "tryInline" "cmpCall" "cmp" "h" "tryInline" "cmpCall" "cmp" "h" "tryInline" "cmpCall" "cmp" "h" "tryInline" "cmpCall" "cmp" "h" "tryInline" "cmpCall" "cmp" "h" "tryInline" "cmpCall" "cmp" "h" "tryInline" "cmpCall" "cmp" "h" "tryInline" "cmpCall" "cmp" "h" "tryInline" "cmpCall" "cmp" "genCode" "cmpfun" "doTryCatch" "tryCatchOne" "tryCatchList" "tryCatch" "compiler:::tryCmpfun" ".rs.getCompletionsArgument" ".rs.getCompletionsFunction" ".rs.appendCompletions" ".rs.getRCompletions" ".rs.appendCompletions" "<Anonymous>" 
"findCenvVar" "getInlineInfo" "tryInline" "cmpCall" "cmp" "h" "tryInline" "cmpCall" "cmp" "h" "tryInline" "cmpCall" "cmp" "h" "tryInline" "cmpCall" "cmp" "h" "tryInline" "cmpCall" "cmp" "h" "tryInline" "cmpCall" "cmp" "genCode" "cmpfun" "doTryCatch" "tryCatchOne" "tryCatchList" "tryCatch" "compiler:::tryCmpfun" ".rs.getCompletionsArgument" ".rs.getCompletionsFunction" ".rs.appendCompletions" ".rs.getRCompletions" ".rs.appendCompletions" "<Anonymous>" 
"cb$putcode" "cmpBuiltinArgs" "cmpBuiltin" "cmpDotInternalCall" "h" "tryInline" "cmpCall" "cmp" "h" "tryInline" "cmpCall" "cmp" "h" "tryInline" "cmpCall" "cmp" "h" "tryInline" "cmpCall" "cmp" "h" "tryInline" "cmpCall" "cmp" "h" "tryInline" "cmpCall" "cmp" "genCode" "cmpfun" "doTryCatch" "tryCatchOne" "tryCatchList" "tryCatch" "compiler:::tryCmpfun" ".rs.getCompletionsArgument" ".rs.getCompletionsFunction" ".rs.appendCompletions" ".rs.getRCompletions" ".rs.appendCompletions" "<Anonymous>" 
".rs.getCompletionsArgument" ".rs.getCompletionsFunction" ".rs.appendCompletions" ".rs.getRCompletions" ".rs.appendCompletions" "<Anonymous>" 
"as.list" "mayCallBrowserList" "mayCallBrowser" "mayCallBrowserList" "mayCallBrowser" "mayCallBrowserList" "mayCallBrowser" "mayCallBrowserList" "mayCallBrowser" "mayCallBrowserList" "mayCallBrowser" "mayCallBrowserList" "mayCallBrowser" "mayCallBrowserList" "mayCallBrowser" "mayCallBrowserList" "mayCallBrowser" "mayCallBrowserList" "mayCallBrowser" "cmpfun" "doTryCatch" "tryCatchOne" "tryCatchList" "tryCatch" "compiler:::tryCmpfun" ".rs.getRChainCompletions" ".rs.appendCompletions" "<Anonymous>" 
"constantFoldCall" "constantFold" "cmp" "h" "tryInline" "cmpCall" "cmp" "h" "tryInline" "cmpCall" "cmp" "h" "tryInline" "cmpCall" "cmp" "h" "tryInline" "cmpCall" "cmp" "genCode" "cmpfun" "doTryCatch" "tryCatchOne" "tryCatchList" "tryCatch" "compiler:::tryCmpfun" ".rs.getRChainCompletions" ".rs.appendCompletions" "<Anonymous>" 
"findCenvVar" "findLocVar" "cmpCall" "cmp" "genCode" "cb$putconst" "cmpCallArgs" "cmpCallSymFun" "cmpCall" "cmp" "cmpSymbolAssign" "h" "tryInline" "cmpCall" "cmp" "h" "tryInline" "cmpCall" "cmp" "h" "tryInline" "cmpCall" "cmp" "h" "tryInline" "cmpCall" "cmp" "h" "tryInline" "cmpCall" "cmp" "h" "tryInline" "cmpCall" "cmp" "h" "tryInline" "cmpCall" "cmp" "h" "tryInline" "cmpCall" "cmp" "genCode" "cmpfun" "doTryCatch" "tryCatchOne" "tryCatchList" "tryCatch" "compiler:::tryCmpfun" ".rs.getRChainCompletions" ".rs.appendCompletions" "<Anonymous>" 
"findCenvVar" "getInlineInfo" "tryInline" "cmpCall" "cmp" "cmpSymbolAssign" "h" "tryInline" "cmpCall" "cmp" "h" "tryInline" "cmpCall" "cmp" "h" "tryInline" "cmpCall" "cmp" "h" "tryInline" "cmpCall" "cmp" "genCode" "cmpfun" "doTryCatch" "tryCatchOne" "tryCatchList" "tryCatch" "compiler:::tryCmpfun" ".rs.getRChainCompletions" ".rs.appendCompletions" "<Anonymous>" 
"hook" "Rprof" 
"ls" "FUN" "lapply" ".rs.objectsOnSearchPath" ".rs.getCompletionsSearchPath" "Reduce" "<Anonymous>" 
"ls" "FUN" "lapply" ".rs.objectsOnSearchPath" ".rs.getCompletionsSearchPath" "Reduce" "<Anonymous>" 
"substring" ".rs.startsWith" ".rs.fuzzyMatches" ".rs.getCompletionsSearchPath" "Reduce" "<Anonymous>" 
"lazyLoadDBfetch" "get" "doTryCatch" "tryCatchOne" "tryCatchList" "tryCatch" "FUN" "vapply" ".rs.getCompletionsSearchPath" "Reduce" "<Anonymous>" 
"duplicated" "which" "as.vector" "intersect" "f" "Reduce" "<Anonymous>" 
"objects" ".rs.getHelpFromObject" ".rs.getHelpFunction" "<Anonymous>" 
"lazyLoadDBfetch" "mget" "doTryCatch" "tryCatchOne" "tryCatchList" "tryCatch" ".rs.getHelpFromObject" ".rs.getHelpFunction" "<Anonymous>" 
"lazyLoadDBfetch" "mget" "doTryCatch" "tryCatchOne" "tryCatchList" "tryCatch" ".rs.getHelpFromObject" ".rs.getHelpFunction" "<Anonymous>" 
"lazyLoadDBfetch" "mget" "doTryCatch" "tryCatchOne" "tryCatchList" "tryCatch" ".rs.getHelpFromObject" ".rs.getHelpFunction" "<Anonymous>" 
"lazyLoadDBfetch" "mget" "doTryCatch" "tryCatchOne" "tryCatchList" "tryCatch" ".rs.getHelpFromObject" ".rs.getHelpFunction" "<Anonymous>" 
"lazyLoadDBfetch" "mget" "doTryCatch" "tryCatchOne" "tryCatchList" "tryCatch" ".rs.getHelpFromObject" ".rs.getHelpFunction" "<Anonymous>" 
"lazyLoadDBfetch" "mget" "doTryCatch" "tryCatchOne" "tryCatchList" "tryCatch" ".rs.getHelpFromObject" ".rs.getHelpFunction" "<Anonymous>" 
"lazyLoadDBfetch" "mget" "doTryCatch" "tryCatchOne" "tryCatchList" "tryCatch" ".rs.getHelpFromObject" ".rs.getHelpFunction" "<Anonymous>" 
"lazyLoadDBfetch" "mget" "doTryCatch" "tryCatchOne" "tryCatchList" "tryCatch" ".rs.getHelpFromObject" ".rs.getHelpFunction" "<Anonymous>" 
"lazyLoadDBfetch" "get" "doTryCatch" "tryCatchOne" "tryCatchList" "tryCatch" "FUN" "lapply" ".rs.getHelpFromObject" ".rs.getHelpFunction" "<Anonymous>" 
"tryCatch" "FUN" "lapply" ".rs.getHelpFromObject" ".rs.getHelpFunction" "<Anonymous>" 
"lazyLoadDBfetch" "get" "doTryCatch" "tryCatchOne" "tryCatchList" "tryCatch" "FUN" "lapply" ".rs.getHelpFromObject" ".rs.getHelpFunction" "<Anonymous>" 
"::" "formals" "as.list" ".rs.getHelpFromObject" ".rs.getHelpFunction" "<Anonymous>" 
"::" "formals" "as.list" ".rs.getHelpFromObject" ".rs.getHelpFunction" "<Anonymous>" 
"doTryCatch" "tryCatchOne" "tryCatchList" "tryCatch" ".rs.getHelpFromObject" ".rs.getHelpFunction" "<Anonymous>" 
"isBaseNamespace" "getExportedValue" "::" "formals" "as.list" ".rs.getHelpFromObject" ".rs.getHelpFunction" "<Anonymous>" 
"tryCatchList" "tryCatch" ".rs.getHelpFromObject" ".rs.getHelpFunction" "<Anonymous>" 
"as.list" ".rs.getHelpFromObject" ".rs.getHelpFunction" "<Anonymous>" 
"gzfile" "readRDS" "index.search" "utils::help" "eval" "eval" "doTryCatch" "tryCatchOne" "tryCatchList" "tryCatch" ".rs.getHelp" ".rs.getHelpFromObject" ".rs.getHelpFunction" "<Anonymous>" 
"lazyLoadDBfetch" "tools:::httpd" "withCallingHandlers" "suppressWarnings" ".rs.getHelp" ".rs.getHelpFromObject" ".rs.getHelpFunction" "<Anonymous>" 
"lazyLoadDBfetch" ".Rd_get_title" "gsub" ".Rd_format_title" "strwrap" "Rd2HTML" "tools:::httpd" "withCallingHandlers" "suppressWarnings" ".rs.getHelp" ".rs.getHelpFromObject" ".rs.getHelpFunction" "<Anonymous>" 
":::" "addParaBreaks" "writeLines" "writeLinesUTF8" "of1" "writeBlock" "writeContent" "writeSection" "Rd2HTML" "tools:::httpd" "withCallingHandlers" "suppressWarnings" ".rs.getHelp" ".rs.getHelpFromObject" ".rs.getHelpFunction" "<Anonymous>" 
"writeBlock" "writeContent" "writeWrapped" "writeBlock" "writeContent" "writeSection" "Rd2HTML" "tools:::httpd" "withCallingHandlers" "suppressWarnings" ".rs.getHelp" ".rs.getHelpFromObject" ".rs.getHelpFunction" "<Anonymous>" 
"lazyLoadDBfetch" "mget" "doTryCatch" "tryCatchOne" "tryCatchList" "tryCatch" ".rs.getHelpFromObject" ".rs.getHelpFunction" "<Anonymous>" 
"lazyLoadDBfetch" "mget" "doTryCatch" "tryCatchOne" "tryCatchList" "tryCatch" ".rs.getHelpFromObject" ".rs.getHelpFunction" "<Anonymous>" 
"lazyLoadDBfetch" "mget" "doTryCatch" "tryCatchOne" "tryCatchList" "tryCatch" ".rs.getHelpFromObject" ".rs.getHelpFunction" "<Anonymous>" 
"lazyLoadDBfetch" "mget" "doTryCatch" "tryCatchOne" "tryCatchList" "tryCatch" ".rs.getHelpFromObject" ".rs.getHelpFunction" "<Anonymous>" 
"lazyLoadDBfetch" "mget" "doTryCatch" "tryCatchOne" "tryCatchList" "tryCatch" ".rs.getHelpFromObject" ".rs.getHelpFunction" "<Anonymous>" 
"mget" "doTryCatch" "tryCatchOne" "tryCatchList" "tryCatch" ".rs.getHelpFromObject" ".rs.getHelpFunction" "<Anonymous>" 
"lazyLoadDBfetch" "mget" "doTryCatch" "tryCatchOne" "tryCatchList" "tryCatch" ".rs.getHelpFromObject" ".rs.getHelpFunction" "<Anonymous>" 
"lazyLoadDBfetch" "mget" "doTryCatch" "tryCatchOne" "tryCatchList" "tryCatch" ".rs.getHelpFromObject" ".rs.getHelpFunction" "<Anonymous>" 
"lazyLoadDBfetch" "mget" "doTryCatch" "tryCatchOne" "tryCatchList" "tryCatch" ".rs.getHelpFromObject" ".rs.getHelpFunction" "<Anonymous>" 
"<Anonymous>" "do.call" "doTryCatch" "tryCatchOne" "tryCatchList" "tryCatch" ".rs.getHelpFromObject" ".rs.getHelpFunction" "<Anonymous>" 
"as.list.default" "as.list" ".rs.getHelpFromObject" ".rs.getHelpFunction" "<Anonymous>" 
"<Anonymous>" "do.call" "doTryCatch" "tryCatchOne" "tryCatchList" "tryCatch" ".rs.getHelpFromObject" ".rs.getHelpFunction" "<Anonymous>" 
"lapply" "findLocalsList1" "findLocalsList" "funEnv" "make.functionContext" "cmpfun" "doTryCatch" "tryCatchOne" "tryCatchList" "tryCatch" "compiler:::tryCmpfun" ".rs.getHelp" ".rs.getHelpFromObject" ".rs.getHelpFunction" "<Anonymous>" 
"cb$putcode" "cmpSym" "cmp" "genCode" "cb$putconst" "cmpCallArgs" "cmpCallSymFun" "cmpCall" "cmp" "cmpSymbolAssign" "h" "tryInline" "cmpCall" "cmp" "h" "tryInline" "cmpCall" "cmp" "genCode" "cmpfun" "doTryCatch" "tryCatchOne" "tryCatchList" "tryCatch" "compiler:::tryCmpfun" ".rs.getHelp" ".rs.getHelpFromObject" ".rs.getHelpFunction" "<Anonymous>" 
"h" "tryInline" "cmpCall" "cmp" "h" "tryInline" "cmpCall" "cmp" "h" "tryInline" "cmpCall" "cmp" "h" "tryInline" "cmpCall" "cmp" "genCode" "cmpfun" "doTryCatch" "tryCatchOne" "tryCatchList" "tryCatch" "compiler:::tryCmpfun" ".rs.getHelp" ".rs.getHelpFromObject" ".rs.getHelpFunction" "<Anonymous>" 
"cb$setcurexpr" "cmp" "cmpIs" "h" "tryInline" "cmpCall" "cmp" "h" "tryInline" "cmpCall" "cmp" "h" "tryInline" "cmpCall" "cmp" "h" "tryInline" "cmpCall" "cmp" "h" "tryInline" "cmpCall" "cmp" "h" "tryInline" "cmpCall" "cmp" "h" "tryInline" "cmpCall" "cmp" "genCode" "cmpfun" "doTryCatch" "tryCatchOne" "tryCatchList" "tryCatch" "compiler:::tryCmpfun" ".rs.getHelp" ".rs.getHelpFromObject" ".rs.getHelpFunction" "<Anonymous>" 
"c" "addCenvFrame" "funEnv" "make.functionContext" "h" "tryInline" "cmpCall" "cmp" "genCode" "cb$putconst" "cmpCallArgs" "cmpCallSymFun" "cmpCall" "cmp" "cmpSymbolAssign" "h" "tryInline" "cmpCall" "cmp" "h" "tryInline" "cmpCall" "cmp" "h" "tryInline" "cmpCall" "cmp" "h" "tryInline" "cmpCall" "cmp" "genCode" "cmpfun" "doTryCatch" "tryCatchOne" "tryCatchList" "tryCatch" "compiler:::tryCmpfun" ".rs.getHelp" ".rs.getHelpFromObject" ".rs.getHelpFunction" "<Anonymous>" 
"$" "findCenvVar" "getInlineInfo" "tryInline" "cmpCall" "cmp" "h" "tryInline" "cmpCall" "cmp" "h" "tryInline" "cmpCall" "cmp" "genCode" "cmpfun" "doTryCatch" "tryCatchOne" "tryCatchList" "tryCatch" "compiler:::tryCmpfun" ".rs.getHelp" ".rs.getHelpFromObject" ".rs.getHelpFunction" "<Anonymous>" 
"findCenvVar" "getInlineInfo" "isBaseVar" "getFoldFun" "constantFoldCall" "constantFold" "cmp" "h" "tryInline" "cmpCall" "cmp" "h" "tryInline" "cmpCall" "cmp" "h" "tryInline" "cmpCall" "cmp" "h" "tryInline" "cmpCall" "cmp" "h" "tryInline" "cmpCall" "cmp" "genCode" "cmpfun" "doTryCatch" "tryCatchOne" "tryCatchList" "tryCatch" "compiler:::tryCmpfun" ".rs.getHelp" ".rs.getHelpFromObject" ".rs.getHelpFunction" "<Anonymous>" 
"tryInline" "cmpCall" "cmp" "h" "tryInline" "cmpCall" "cmp" "h" "tryInline" "cmpCall" "cmp" "h" "tryInline" "cmpCall" "cmp" "h" "tryInline" "cmpCall" "cmp" "h" "tryInline" "cmpCall" "cmp" "genCode" "cmpfun" "doTryCatch" "tryCatchOne" "tryCatchList" "tryCatch" "compiler:::tryCmpfun" ".rs.getHelp" ".rs.getHelpFromObject" ".rs.getHelpFunction" "<Anonymous>" 
"lazyLoadDBfetch" "fetch" "fun" "lazyLoadDBexec" "tools:::fetchRdDB" "utils:::.getHelpFile" "prepare_Rd" "Rd2HTML" "tools:::httpd" "withCallingHandlers" "suppressWarnings" ".rs.getHelp" ".rs.getHelpFromO